Flow report for GreenScreen
Wed Dec 09 18:50:53 2015
Quartus II Version 9.1 Build 350 03/24/2010 Service Pack 2 SJ Web Edition


---------------------
; Table of Contents ;
---------------------
  1. Legal Notice
  2. Flow Summary
  3. Flow Settings
  4. Flow Non-Default Global Settings
  5. Flow Elapsed Time
  6. Flow OS Summary
  7. Flow Log



----------------
; Legal Notice ;
----------------
Copyright (C) 1991-2010 Altera Corporation
Your use of Altera Corporation's design tools, logic functions 
and other software and tools, and its AMPP partner logic 
functions, and any output files from any of the foregoing 
(including device programming or simulation files), and any 
associated documentation or information are expressly subject 
to the terms and conditions of the Altera Program License 
Subscription Agreement, Altera MegaCore Function License 
Agreement, or other applicable license agreement, including, 
without limitation, that your use is for the sole purpose of 
programming logic devices manufactured by Altera and sold by 
Altera or its authorized distributors.  Please refer to the 
applicable agreement for further details.



+-----------------------------------------------------------------------------------+
; Flow Summary                                                                      ;
+------------------------------------+----------------------------------------------+
; Flow Status                        ; Successful - Wed Dec 09 18:50:53 2015        ;
; Quartus II Version                 ; 9.1 Build 350 03/24/2010 SP 2 SJ Web Edition ;
; Revision Name                      ; GreenScreen                                  ;
; Top-level Entity Name              ; GreenScreen                                  ;
; Family                             ; Cyclone II                                   ;
; Device                             ; EP2C70F896C6                                 ;
; Timing Models                      ; Final                                        ;
; Met timing requirements            ; Yes                                          ;
; Total logic elements               ; 2 / 68,416 ( < 1 % )                         ;
;     Total combinational functions  ; 0 / 68,416 ( 0 % )                           ;
;     Dedicated logic registers      ; 2 / 68,416 ( < 1 % )                         ;
; Total registers                    ; 2                                            ;
; Total pins                         ; 193 / 622 ( 31 % )                           ;
; Total virtual pins                 ; 0                                            ;
; Total memory bits                  ; 0 / 1,152,000 ( 0 % )                        ;
; Embedded Multiplier 9-bit elements ; 0 / 300 ( 0 % )                              ;
; Total PLLs                         ; 0 / 4 ( 0 % )                                ;
+------------------------------------+----------------------------------------------+


+-----------------------------------------+
; Flow Settings                           ;
+-------------------+---------------------+
; Option            ; Setting             ;
+-------------------+---------------------+
; Start date & time ; 12/09/2015 18:49:57 ;
; Main task         ; Compilation         ;
; Revision Name     ; GreenScreen         ;
+-------------------+---------------------+


+---------------------------------------------------------------------------------------------------------------------------------------------------------------+
; Flow Non-Default Global Settings                                                                                                                              ;
+------------------------------------+----------------------------------------------------------+--------------------------------+-------------+----------------+
; Assignment Name                    ; Value                                                    ; Default Value                  ; Entity Name ; Section Id     ;
+------------------------------------+----------------------------------------------------------+--------------------------------+-------------+----------------+
; COMPILER_SIGNATURE_ID              ; 134660536641499.144968339701172                          ; --                             ; --          ; --             ;
; FITTER_EFFORT                      ; Fast Fit                                                 ; Auto Fit                       ; --          ; --             ;
; MAX_CORE_JUNCTION_TEMP             ; 85                                                       ; --                             ; --          ; --             ;
; MIN_CORE_JUNCTION_TEMP             ; 0                                                        ; --                             ; --          ; --             ;
; MISC_FILE                          ; C:/Users/rafal_000/Desktop/TM/tm_projekt/GreenScreen.dpf ; --                             ; --          ; --             ;
; OPTIMIZE_HOLD_TIMING               ; Off                                                      ; IO Paths and Minimum TPD Paths ; --          ; --             ;
; OPTIMIZE_POWER_DURING_FITTING      ; Off                                                      ; Normal compilation             ; --          ; --             ;
; PARTITION_COLOR                    ; 16764057                                                 ; --                             ; --          ; Top            ;
; PARTITION_NETLIST_TYPE             ; SOURCE                                                   ; --                             ; --          ; Top            ;
; USE_GENERATED_PHYSICAL_CONSTRAINTS ; Off                                                      ; --                             ; --          ; eda_blast_fpga ;
+------------------------------------+----------------------------------------------------------+--------------------------------+-------------+----------------+


+-----------------------------------------------------------------------------------------------------------------------------+
; Flow Elapsed Time                                                                                                           ;
+-------------------------+--------------+-------------------------+---------------------+------------------------------------+
; Module Name             ; Elapsed Time ; Average Processors Used ; Peak Virtual Memory ; Total CPU Time (on all processors) ;
+-------------------------+--------------+-------------------------+---------------------+------------------------------------+
; Analysis & Synthesis    ; 00:00:05     ; 1.0                     ; 232 MB              ; 00:00:07                           ;
; Fitter                  ; 00:00:30     ; 1.0                     ; 371 MB              ; 00:00:33                           ;
; Assembler               ; 00:00:15     ; 1.0                     ; 345 MB              ; 00:00:15                           ;
; Classic Timing Analyzer ; 00:00:01     ; 1.0                     ; 176 MB              ; 00:00:01                           ;
; Total                   ; 00:00:51     ; --                      ; --                  ; 00:00:56                           ;
+-------------------------+--------------+-------------------------+---------------------+------------------------------------+


+------------------------------------------------------------------------------------------+
; Flow OS Summary                                                                          ;
+-------------------------+------------------+---------------+------------+----------------+
; Module Name             ; Machine Hostname ; OS Name       ; OS Version ; Processor type ;
+-------------------------+------------------+---------------+------------+----------------+
; Analysis & Synthesis    ; devcom           ; Windows Vista ; 6.2        ; x86_64         ;
; Fitter                  ; devcom           ; Windows Vista ; 6.2        ; x86_64         ;
; Assembler               ; devcom           ; Windows Vista ; 6.2        ; x86_64         ;
; Classic Timing Analyzer ; devcom           ; Windows Vista ; 6.2        ; x86_64         ;
+-------------------------+------------------+---------------+------------+----------------+


------------
; Flow Log ;
------------
quartus_map --read_settings_files=on --write_settings_files=off GreenScreen -c GreenScreen
quartus_fit --read_settings_files=off --write_settings_files=off GreenScreen -c GreenScreen
quartus_asm --read_settings_files=off --write_settings_files=off GreenScreen -c GreenScreen
quartus_tan --read_settings_files=off --write_settings_files=off GreenScreen -c GreenScreen --timing_analysis_only



