Classic Timing Analyzer report for GreenScreen
Wed Dec 09 18:50:53 2015
Quartus II Version 9.1 Build 350 03/24/2010 Service Pack 2 SJ Web Edition


---------------------
; Table of Contents ;
---------------------
  1. Legal Notice
  2. Timing Analyzer Summary
  3. Timing Analyzer Settings
  4. Clock Settings Summary
  5. Parallel Compilation
  6. tsu
  7. tco
  8. tpd
  9. th
 10. Timing Analyzer Messages



----------------
; Legal Notice ;
----------------
Copyright (C) 1991-2010 Altera Corporation
Your use of Altera Corporation's design tools, logic functions 
and other software and tools, and its AMPP partner logic 
functions, and any output files from any of the foregoing 
(including device programming or simulation files), and any 
associated documentation or information are expressly subject 
to the terms and conditions of the Altera Program License 
Subscription Agreement, Altera MegaCore Function License 
Agreement, or other applicable license agreement, including, 
without limitation, that your use is for the sole purpose of 
programming logic devices manufactured by Altera and sold by 
Altera or its authorized distributors.  Please refer to the 
applicable agreement for further details.



+-----------------------------------------------------------------------------------------------------------------------------------------------+
; Timing Analyzer Summary                                                                                                                       ;
+------------------------------+-------+---------------+-------------+---------------+-----------+---------------+---------------+--------------+
; Type                         ; Slack ; Required Time ; Actual Time ; From          ; To        ; From Clock    ; To Clock      ; Failed Paths ;
+------------------------------+-------+---------------+-------------+---------------+-----------+---------------+---------------+--------------+
; Worst-case tsu               ; N/A   ; None          ; 4.178 ns    ; GPIO_1[17]    ; rCCD_LVAL ; --            ; GPIO_CLKIN_N1 ; 0            ;
; Worst-case tco               ; N/A   ; None          ; 8.046 ns    ; rCCD_FVAL     ; oLEDG[7]  ; GPIO_CLKIN_N1 ; --            ; 0            ;
; Worst-case tpd               ; N/A   ; None          ; 5.907 ns    ; GPIO_CLKIN_N1 ; oLEDG[5]  ; --            ; --            ; 0            ;
; Worst-case th                ; N/A   ; None          ; -2.382 ns   ; GPIO_1[18]    ; rCCD_FVAL ; --            ; GPIO_CLKIN_N1 ; 0            ;
; Total number of failed paths ;       ;               ;             ;               ;           ;               ;               ; 0            ;
+------------------------------+-------+---------------+-------------+---------------+-----------+---------------+---------------+--------------+


+-----------------------------------------------------------------------------------------------------------------------------------------------------+
; Timing Analyzer Settings                                                                                                                            ;
+------------------------------------------------------------------------------------------------------+--------------------+------+----+-------------+
; Option                                                                                               ; Setting            ; From ; To ; Entity Name ;
+------------------------------------------------------------------------------------------------------+--------------------+------+----+-------------+
; Device Name                                                                                          ; EP2C70F896C6       ;      ;    ;             ;
; Timing Models                                                                                        ; Final              ;      ;    ;             ;
; Default hold multicycle                                                                              ; Same as Multicycle ;      ;    ;             ;
; Cut paths between unrelated clock domains                                                            ; On                 ;      ;    ;             ;
; Cut off read during write signal paths                                                               ; On                 ;      ;    ;             ;
; Cut off feedback from I/O pins                                                                       ; On                 ;      ;    ;             ;
; Report Combined Fast/Slow Timing                                                                     ; Off                ;      ;    ;             ;
; Ignore Clock Settings                                                                                ; Off                ;      ;    ;             ;
; Analyze latches as synchronous elements                                                              ; On                 ;      ;    ;             ;
; Enable Recovery/Removal analysis                                                                     ; Off                ;      ;    ;             ;
; Enable Clock Latency                                                                                 ; Off                ;      ;    ;             ;
; Use TimeQuest Timing Analyzer                                                                        ; Off                ;      ;    ;             ;
; Minimum Core Junction Temperature                                                                    ; 0                  ;      ;    ;             ;
; Maximum Core Junction Temperature                                                                    ; 85                 ;      ;    ;             ;
; Number of source nodes to report per destination node                                                ; 10                 ;      ;    ;             ;
; Number of destination nodes to report                                                                ; 10                 ;      ;    ;             ;
; Number of paths to report                                                                            ; 200                ;      ;    ;             ;
; Report Minimum Timing Checks                                                                         ; Off                ;      ;    ;             ;
; Use Fast Timing Models                                                                               ; Off                ;      ;    ;             ;
; Report IO Paths Separately                                                                           ; Off                ;      ;    ;             ;
; Perform Multicorner Analysis                                                                         ; On                 ;      ;    ;             ;
; Reports the worst-case path for each clock domain and analysis                                       ; Off                ;      ;    ;             ;
; Reports worst-case timing paths for each clock domain and analysis                                   ; On                 ;      ;    ;             ;
; Specifies the maximum number of worst-case timing paths to report for each clock domain and analysis ; 100                ;      ;    ;             ;
; Removes common clock path pessimism (CCPP) during slack computation                                  ; Off                ;      ;    ;             ;
; Output I/O Timing Endpoint                                                                           ; Near End           ;      ;    ;             ;
+------------------------------------------------------------------------------------------------------+--------------------+------+----+-------------+


+------------------------------------------------------------------------------------------------------------------------------------------------------------------------------------+
; Clock Settings Summary                                                                                                                                                             ;
+-----------------+--------------------+----------+------------------+---------------+--------------+----------+-----------------------+---------------------+--------+--------------+
; Clock Node Name ; Clock Setting Name ; Type     ; Fmax Requirement ; Early Latency ; Late Latency ; Based on ; Multiply Base Fmax by ; Divide Base Fmax by ; Offset ; Phase offset ;
+-----------------+--------------------+----------+------------------+---------------+--------------+----------+-----------------------+---------------------+--------+--------------+
; GPIO_CLKIN_N1   ;                    ; User Pin ; None             ; 0.000 ns      ; 0.000 ns     ; --       ; N/A                   ; N/A                 ; N/A    ;              ;
+-----------------+--------------------+----------+------------------+---------------+--------------+----------+-----------------------+---------------------+--------+--------------+


Parallel compilation was disabled, but you have multiple processors available. Enable parallel compilation to reduce compilation time.
+-------------------------------------+
; Parallel Compilation                ;
+----------------------------+--------+
; Processors                 ; Number ;
+----------------------------+--------+
; Number detected on machine ; 2      ;
; Maximum allowed            ; 1      ;
+----------------------------+--------+


+----------------------------------------------------------------------------+
; tsu                                                                        ;
+-------+--------------+------------+------------+-----------+---------------+
; Slack ; Required tsu ; Actual tsu ; From       ; To        ; To Clock      ;
+-------+--------------+------------+------------+-----------+---------------+
; N/A   ; None         ; 4.178 ns   ; GPIO_1[17] ; rCCD_LVAL ; GPIO_CLKIN_N1 ;
; N/A   ; None         ; 2.612 ns   ; GPIO_1[18] ; rCCD_FVAL ; GPIO_CLKIN_N1 ;
+-------+--------------+------------+------------+-----------+---------------+


+--------------------------------------------------------------------------+
; tco                                                                      ;
+-------+--------------+------------+-----------+----------+---------------+
; Slack ; Required tco ; Actual tco ; From      ; To       ; From Clock    ;
+-------+--------------+------------+-----------+----------+---------------+
; N/A   ; None         ; 8.046 ns   ; rCCD_FVAL ; oLEDG[7] ; GPIO_CLKIN_N1 ;
; N/A   ; None         ; 6.221 ns   ; rCCD_LVAL ; oLEDG[6] ; GPIO_CLKIN_N1 ;
+-------+--------------+------------+-----------+----------+---------------+


+------------------------------------------------------------------------------+
; tpd                                                                          ;
+-------+-------------------+-----------------+---------------+----------------+
; Slack ; Required P2P Time ; Actual P2P Time ; From          ; To             ;
+-------+-------------------+-----------------+---------------+----------------+
; N/A   ; None              ; 5.907 ns        ; GPIO_CLKIN_N1 ; oLEDG[5]       ;
; N/A   ; None              ; 5.754 ns        ; GPIO_CLKIN_N1 ; oHEX0_D[5]     ;
; N/A   ; None              ; 5.655 ns        ; iCLK_50       ; GPIO_CLKOUT_N1 ;
; N/A   ; None              ; 5.583 ns        ; GPIO_CLKIN_N1 ; oHEX0_D[0]     ;
; N/A   ; None              ; 5.535 ns        ; GPIO_CLKIN_N1 ; oHEX0_D[4]     ;
; N/A   ; None              ; 5.535 ns        ; GPIO_CLKIN_N1 ; oHEX0_D[3]     ;
+-------+-------------------+-----------------+---------------+----------------+


+----------------------------------------------------------------------------------+
; th                                                                               ;
+---------------+-------------+-----------+------------+-----------+---------------+
; Minimum Slack ; Required th ; Actual th ; From       ; To        ; To Clock      ;
+---------------+-------------+-----------+------------+-----------+---------------+
; N/A           ; None        ; -2.382 ns ; GPIO_1[18] ; rCCD_FVAL ; GPIO_CLKIN_N1 ;
; N/A           ; None        ; -3.948 ns ; GPIO_1[17] ; rCCD_LVAL ; GPIO_CLKIN_N1 ;
+---------------+-------------+-----------+------------+-----------+---------------+


+--------------------------+
; Timing Analyzer Messages ;
+--------------------------+
Info: *******************************************************************
Info: Running Quartus II Classic Timing Analyzer
    Info: Version 9.1 Build 350 03/24/2010 Service Pack 2 SJ Web Edition
    Info: Processing started: Wed Dec 09 18:50:52 2015
Info: Command: quartus_tan --read_settings_files=off --write_settings_files=off GreenScreen -c GreenScreen --timing_analysis_only
Warning: Found pins functioning as undefined clocks and/or memory enables
    Info: Assuming node "GPIO_CLKIN_N1" is an undefined clock
Info: No valid register-to-register data paths exist for clock "GPIO_CLKIN_N1"
Info: tsu for register "rCCD_LVAL" (data pin = "GPIO_1[17]", clock pin = "GPIO_CLKIN_N1") is 4.178 ns
    Info: + Longest pin to register delay is 7.045 ns
        Info: 1: + IC(0.000 ns) + CELL(0.000 ns) = 0.000 ns; Loc. = PIN_P28; Fanout = 1; PIN Node = 'GPIO_1[17]'
        Info: 2: + IC(0.000 ns) + CELL(0.842 ns) = 0.842 ns; Loc. = IOC_X95_Y30_N3; Fanout = 1; COMB Node = 'GPIO_1[17]~30'
        Info: 3: + IC(5.970 ns) + CELL(0.149 ns) = 6.961 ns; Loc. = LCCOMB_X94_Y13_N0; Fanout = 1; COMB Node = 'rCCD_LVAL~feeder'
        Info: 4: + IC(0.000 ns) + CELL(0.084 ns) = 7.045 ns; Loc. = LCFF_X94_Y13_N1; Fanout = 1; REG Node = 'rCCD_LVAL'
        Info: Total cell delay = 1.075 ns ( 15.26 % )
        Info: Total interconnect delay = 5.970 ns ( 84.74 % )
    Info: + Micro setup delay of destination is -0.036 ns
    Info: - Shortest clock path from clock "GPIO_CLKIN_N1" to destination register is 2.831 ns
        Info: 1: + IC(0.000 ns) + CELL(0.989 ns) = 0.989 ns; Loc. = PIN_AH14; Fanout = 6; CLK Node = 'GPIO_CLKIN_N1'
        Info: 2: + IC(0.114 ns) + CELL(0.000 ns) = 1.103 ns; Loc. = CLKCTRL_G15; Fanout = 2; COMB Node = 'GPIO_CLKIN_N1~clkctrl'
        Info: 3: + IC(1.191 ns) + CELL(0.537 ns) = 2.831 ns; Loc. = LCFF_X94_Y13_N1; Fanout = 1; REG Node = 'rCCD_LVAL'
        Info: Total cell delay = 1.526 ns ( 53.90 % )
        Info: Total interconnect delay = 1.305 ns ( 46.10 % )
Info: tco from clock "GPIO_CLKIN_N1" to destination pin "oLEDG[7]" through register "rCCD_FVAL" is 8.046 ns
    Info: + Longest clock path from clock "GPIO_CLKIN_N1" to source register is 2.875 ns
        Info: 1: + IC(0.000 ns) + CELL(0.989 ns) = 0.989 ns; Loc. = PIN_AH14; Fanout = 6; CLK Node = 'GPIO_CLKIN_N1'
        Info: 2: + IC(0.114 ns) + CELL(0.000 ns) = 1.103 ns; Loc. = CLKCTRL_G15; Fanout = 2; COMB Node = 'GPIO_CLKIN_N1~clkctrl'
        Info: 3: + IC(1.235 ns) + CELL(0.537 ns) = 2.875 ns; Loc. = LCFF_X94_Y30_N17; Fanout = 1; REG Node = 'rCCD_FVAL'
        Info: Total cell delay = 1.526 ns ( 53.08 % )
        Info: Total interconnect delay = 1.349 ns ( 46.92 % )
    Info: + Micro clock to output delay of source is 0.250 ns
    Info: + Longest register to pin delay is 4.921 ns
        Info: 1: + IC(0.000 ns) + CELL(0.000 ns) = 0.000 ns; Loc. = LCFF_X94_Y30_N17; Fanout = 1; REG Node = 'rCCD_FVAL'
        Info: 2: + IC(2.309 ns) + CELL(2.612 ns) = 4.921 ns; Loc. = PIN_AA24; Fanout = 0; PIN Node = 'oLEDG[7]'
        Info: Total cell delay = 2.612 ns ( 53.08 % )
        Info: Total interconnect delay = 2.309 ns ( 46.92 % )
Info: Longest tpd from source pin "GPIO_CLKIN_N1" to destination pin "oLEDG[5]" is 5.907 ns
    Info: 1: + IC(0.000 ns) + CELL(0.989 ns) = 0.989 ns; Loc. = PIN_AH14; Fanout = 6; CLK Node = 'GPIO_CLKIN_N1'
    Info: 2: + IC(2.316 ns) + CELL(2.602 ns) = 5.907 ns; Loc. = PIN_Y23; Fanout = 0; PIN Node = 'oLEDG[5]'
    Info: Total cell delay = 3.591 ns ( 60.79 % )
    Info: Total interconnect delay = 2.316 ns ( 39.21 % )
Info: th for register "rCCD_FVAL" (data pin = "GPIO_1[18]", clock pin = "GPIO_CLKIN_N1") is -2.382 ns
    Info: + Longest clock path from clock "GPIO_CLKIN_N1" to destination register is 2.875 ns
        Info: 1: + IC(0.000 ns) + CELL(0.989 ns) = 0.989 ns; Loc. = PIN_AH14; Fanout = 6; CLK Node = 'GPIO_CLKIN_N1'
        Info: 2: + IC(0.114 ns) + CELL(0.000 ns) = 1.103 ns; Loc. = CLKCTRL_G15; Fanout = 2; COMB Node = 'GPIO_CLKIN_N1~clkctrl'
        Info: 3: + IC(1.235 ns) + CELL(0.537 ns) = 2.875 ns; Loc. = LCFF_X94_Y30_N17; Fanout = 1; REG Node = 'rCCD_FVAL'
        Info: Total cell delay = 1.526 ns ( 53.08 % )
        Info: Total interconnect delay = 1.349 ns ( 46.92 % )
    Info: + Micro hold delay of destination is 0.266 ns
    Info: - Shortest pin to register delay is 5.523 ns
        Info: 1: + IC(0.000 ns) + CELL(0.000 ns) = 0.000 ns; Loc. = PIN_P25; Fanout = 1; PIN Node = 'GPIO_1[18]'
        Info: 2: + IC(0.000 ns) + CELL(0.822 ns) = 0.822 ns; Loc. = IOC_X95_Y30_N0; Fanout = 1; COMB Node = 'GPIO_1[18]~31'
        Info: 3: + IC(4.468 ns) + CELL(0.149 ns) = 5.439 ns; Loc. = LCCOMB_X94_Y30_N16; Fanout = 1; COMB Node = 'rCCD_FVAL~feeder'
        Info: 4: + IC(0.000 ns) + CELL(0.084 ns) = 5.523 ns; Loc. = LCFF_X94_Y30_N17; Fanout = 1; REG Node = 'rCCD_FVAL'
        Info: Total cell delay = 1.055 ns ( 19.10 % )
        Info: Total interconnect delay = 4.468 ns ( 80.90 % )
Info: Quartus II Classic Timing Analyzer was successful. 0 errors, 1 warning
    Info: Peak virtual memory: 191 megabytes
    Info: Processing ended: Wed Dec 09 18:50:53 2015
    Info: Elapsed time: 00:00:01
    Info: Total CPU time (on all processors): 00:00:01


